<?xml version="1.0" encoding="UTF-8"?>
<coverage generated="1597130123681" clover="3.2.0">
  <project timestamp="1597130123681" name="All files">
    <metrics statements="254" coveredstatements="19" conditionals="79" coveredconditionals="3" methods="92" coveredmethods="10" elements="425" coveredelements="32" complexity="0" loc="254" ncloc="254" packages="13" files="17" classes="17">
      <package name="src">
        <metrics statements="51" coveredstatements="6" conditionals="34" coveredconditionals="1" methods="16" coveredmethods="1"/>
        <file name="index.js" path="D:\Folders\Programming\Github\sepm\client\src\index.js">
          <metrics statements="6" coveredstatements="0" conditionals="0" coveredconditionals="0" methods="0" coveredmethods="0"/>
          <line num="1" count="0" type="stmt"/>
          <line num="2" count="0" type="stmt"/>
          <line num="3" count="0" type="stmt"/>
          <line num="4" count="0" type="stmt"/>
          <line num="5" count="0" type="stmt"/>
          <line num="12" count="0" type="stmt"/>
        </file>
        <file name="serviceWorker.js" path="D:\Folders\Programming\Github\sepm\client\src\serviceWorker.js">
          <metrics statements="38" coveredstatements="0" conditionals="32" coveredconditionals="0" methods="15" coveredmethods="0"/>
          <line num="13" count="0" type="stmt"/>
          <line num="24" count="0" type="cond" truecount="0" falsecount="4"/>
          <line num="26" count="0" type="stmt"/>
          <line num="27" count="0" type="cond" truecount="0" falsecount="2"/>
          <line num="31" count="0" type="stmt"/>
          <line num="34" count="0" type="stmt"/>
          <line num="35" count="0" type="stmt"/>
          <line num="37" count="0" type="cond" truecount="0" falsecount="2"/>
          <line num="39" count="0" type="stmt"/>
          <line num="43" count="0" type="stmt"/>
          <line num="44" count="0" type="stmt"/>
          <line num="51" count="0" type="stmt"/>
          <line num="58" count="0" type="stmt"/>
          <line num="61" count="0" type="stmt"/>
          <line num="62" count="0" type="stmt"/>
          <line num="63" count="0" type="cond" truecount="0" falsecount="2"/>
          <line num="64" count="0" type="stmt"/>
          <line num="66" count="0" type="stmt"/>
          <line num="67" count="0" type="cond" truecount="0" falsecount="2"/>
          <line num="68" count="0" type="cond" truecount="0" falsecount="2"/>
          <line num="72" count="0" type="stmt"/>
          <line num="78" count="0" type="cond" truecount="0" falsecount="4"/>
          <line num="79" count="0" type="stmt"/>
          <line num="85" count="0" type="stmt"/>
          <line num="88" count="0" type="cond" truecount="0" falsecount="4"/>
          <line num="89" count="0" type="stmt"/>
          <line num="97" count="0" type="stmt"/>
          <line num="103" count="0" type="stmt"/>
          <line num="106" count="0" type="stmt"/>
          <line num="107" count="0" type="cond" truecount="0" falsecount="2"/>
          <line num="112" count="0" type="stmt"/>
          <line num="113" count="0" type="stmt"/>
          <line num="114" count="0" type="stmt"/>
          <line num="119" count="0" type="stmt"/>
          <line num="123" count="0" type="stmt"/>
          <line num="130" count="0" type="cond" truecount="0" falsecount="2"/>
          <line num="131" count="0" type="stmt"/>
          <line num="132" count="0" type="stmt"/>
        </file>
        <file name="setupTests.js" path="D:\Folders\Programming\Github\sepm\client\src\setupTests.js">
          <metrics statements="7" coveredstatements="6" conditionals="2" coveredconditionals="1" methods="1" coveredmethods="1"/>
          <line num="4" count="3" type="stmt"/>
          <line num="6" count="3" type="stmt"/>
          <line num="8" count="3" type="stmt"/>
          <line num="10" count="3" type="stmt"/>
          <line num="11" count="2" type="cond" truecount="1" falsecount="1"/>
          <line num="12" count="0" type="stmt"/>
          <line num="15" count="2" type="stmt"/>
        </file>
      </package>
      <package name="src.api">
        <metrics statements="15" coveredstatements="3" conditionals="4" coveredconditionals="1" methods="11" coveredmethods="2"/>
        <file name="api.js" path="D:\Folders\Programming\Github\sepm\client\src\api\api.js">
          <metrics statements="8" coveredstatements="1" conditionals="2" coveredconditionals="0" methods="3" coveredmethods="0"/>
          <line num="1" count="1" type="stmt"/>
          <line num="6" count="0" type="stmt"/>
          <line num="10" count="0" type="stmt"/>
          <line num="14" count="0" type="cond" truecount="0" falsecount="2"/>
          <line num="15" count="0" type="stmt"/>
          <line num="17" count="0" type="stmt"/>
          <line num="21" count="0" type="stmt"/>
          <line num="22" count="0" type="stmt"/>
        </file>
        <file name="index.js" path="D:\Folders\Programming\Github\sepm\client\src\api\index.js">
          <metrics statements="0" coveredstatements="0" conditionals="2" coveredconditionals="1" methods="0" coveredmethods="0"/>
        </file>
        <file name="mock.js" path="D:\Folders\Programming\Github\sepm\client\src\api\mock.js">
          <metrics statements="7" coveredstatements="2" conditionals="0" coveredconditionals="0" methods="8" coveredmethods="2"/>
          <line num="1" count="1" type="stmt"/>
          <line num="62" count="0" type="stmt"/>
          <line num="136" count="7" type="stmt"/>
          <line num="140" count="0" type="stmt"/>
          <line num="144" count="0" type="stmt"/>
          <line num="148" count="0" type="stmt"/>
          <line num="152" count="0" type="stmt"/>
        </file>
      </package>
      <package name="src.components.Loadable">
        <metrics statements="7" coveredstatements="7" conditionals="0" coveredconditionals="0" methods="5" coveredmethods="5"/>
        <file name="index.js" path="D:\Folders\Programming\Github\sepm\client\src\components\Loadable\index.js">
          <metrics statements="7" coveredstatements="7" conditionals="0" coveredconditionals="0" methods="5" coveredmethods="5"/>
          <line num="5" count="2" type="stmt"/>
          <line num="6" count="2" type="stmt"/>
          <line num="14" count="2" type="stmt"/>
          <line num="15" count="1" type="stmt"/>
          <line num="17" count="2" type="stmt"/>
          <line num="18" count="1" type="stmt"/>
          <line num="23" count="4" type="stmt"/>
        </file>
      </package>
      <package name="src.components.Main">
        <metrics statements="20" coveredstatements="0" conditionals="7" coveredconditionals="0" methods="3" coveredmethods="0"/>
        <file name="Main.js" path="D:\Folders\Programming\Github\sepm\client\src\components\Main\Main.js">
          <metrics statements="20" coveredstatements="0" conditionals="7" coveredconditionals="0" methods="3" coveredmethods="0"/>
          <line num="1" count="0" type="stmt"/>
          <line num="2" count="0" type="stmt"/>
          <line num="3" count="0" type="stmt"/>
          <line num="4" count="0" type="stmt"/>
          <line num="5" count="0" type="stmt"/>
          <line num="6" count="0" type="stmt"/>
          <line num="7" count="0" type="stmt"/>
          <line num="8" count="0" type="stmt"/>
          <line num="13" count="0" type="stmt"/>
          <line num="14" count="0" type="stmt"/>
          <line num="19" count="0" type="stmt"/>
          <line num="22" count="0" type="stmt"/>
          <line num="29" count="0" type="stmt"/>
          <line num="31" count="0" type="stmt"/>
          <line num="43" count="0" type="stmt"/>
          <line num="56" count="0" type="stmt"/>
          <line num="69" count="0" type="stmt"/>
          <line num="81" count="0" type="stmt"/>
          <line num="93" count="0" type="stmt"/>
          <line num="105" count="0" type="stmt"/>
        </file>
      </package>
      <package name="src.components.Main.Dashboard">
        <metrics statements="27" coveredstatements="0" conditionals="6" coveredconditionals="0" methods="12" coveredmethods="0"/>
        <file name="Dashboard.js" path="D:\Folders\Programming\Github\sepm\client\src\components\Main\Dashboard\Dashboard.js">
          <metrics statements="27" coveredstatements="0" conditionals="6" coveredconditionals="0" methods="12" coveredmethods="0"/>
          <line num="1" count="0" type="stmt"/>
          <line num="2" count="0" type="stmt"/>
          <line num="3" count="0" type="stmt"/>
          <line num="4" count="0" type="stmt"/>
          <line num="5" count="0" type="stmt"/>
          <line num="7" count="0" type="stmt"/>
          <line num="15" count="0" type="stmt"/>
          <line num="16" count="0" type="stmt"/>
          <line num="17" count="0" type="stmt"/>
          <line num="24" count="0" type="stmt"/>
          <line num="28" count="0" type="stmt"/>
          <line num="32" count="0" type="stmt"/>
          <line num="38" count="0" type="stmt"/>
          <line num="44" count="0" type="stmt"/>
          <line num="50" count="0" type="stmt"/>
          <line num="57" count="0" type="cond" truecount="0" falsecount="2"/>
          <line num="58" count="0" type="stmt"/>
          <line num="60" count="0" type="stmt"/>
          <line num="61" count="0" type="stmt"/>
          <line num="63" count="0" type="stmt"/>
          <line num="85" count="0" type="stmt"/>
          <line num="130" count="0" type="cond" truecount="0" falsecount="2"/>
          <line num="131" count="0" type="stmt"/>
          <line num="133" count="0" type="stmt"/>
          <line num="152" count="0" type="cond" truecount="0" falsecount="2"/>
          <line num="153" count="0" type="stmt"/>
          <line num="155" count="0" type="stmt"/>
        </file>
      </package>
      <package name="src.components.Main.Profile">
        <metrics statements="9" coveredstatements="0" conditionals="0" coveredconditionals="0" methods="3" coveredmethods="0"/>
        <file name="Profile.js" path="D:\Folders\Programming\Github\sepm\client\src\components\Main\Profile\Profile.js">
          <metrics statements="9" coveredstatements="0" conditionals="0" coveredconditionals="0" methods="3" coveredmethods="0"/>
          <line num="1" count="0" type="stmt"/>
          <line num="2" count="0" type="stmt"/>
          <line num="3" count="0" type="stmt"/>
          <line num="4" count="0" type="stmt"/>
          <line num="8" count="0" type="stmt"/>
          <line num="9" count="0" type="stmt"/>
          <line num="13" count="0" type="stmt"/>
          <line num="14" count="0" type="stmt"/>
          <line num="20" count="0" type="stmt"/>
        </file>
      </package>
      <package name="src.components.Main.Sidebar">
        <metrics statements="16" coveredstatements="3" conditionals="10" coveredconditionals="1" methods="8" coveredmethods="2"/>
        <file name="Sidebar.js" path="D:\Folders\Programming\Github\sepm\client\src\components\Main\Sidebar\Sidebar.js">
          <metrics statements="16" coveredstatements="3" conditionals="10" coveredconditionals="1" methods="8" coveredmethods="2"/>
          <line num="9" count="3" type="stmt"/>
          <line num="10" count="3" type="stmt"/>
          <line num="16" count="0" type="stmt"/>
          <line num="20" count="0" type="stmt"/>
          <line num="24" count="0" type="stmt"/>
          <line num="28" count="0" type="stmt"/>
          <line num="32" count="0" type="stmt"/>
          <line num="37" count="0" type="stmt"/>
          <line num="38" count="0" type="stmt"/>
          <line num="48" count="3" type="cond" truecount="1" falsecount="3"/>
          <line num="49" count="0" type="stmt"/>
          <line num="56" count="0" type="cond" truecount="0" falsecount="4"/>
          <line num="57" count="0" type="stmt"/>
          <line num="64" count="0" type="cond" truecount="0" falsecount="2"/>
          <line num="65" count="0" type="stmt"/>
          <line num="72" count="0" type="stmt"/>
        </file>
      </package>
      <package name="src.components.Main.Staff">
        <metrics statements="12" coveredstatements="0" conditionals="2" coveredconditionals="0" methods="4" coveredmethods="0"/>
        <file name="StaffList.js" path="D:\Folders\Programming\Github\sepm\client\src\components\Main\Staff\StaffList.js">
          <metrics statements="12" coveredstatements="0" conditionals="2" coveredconditionals="0" methods="4" coveredmethods="0"/>
          <line num="1" count="0" type="stmt"/>
          <line num="2" count="0" type="stmt"/>
          <line num="3" count="0" type="stmt"/>
          <line num="4" count="0" type="stmt"/>
          <line num="5" count="0" type="stmt"/>
          <line num="7" count="0" type="stmt"/>
          <line num="18" count="0" type="stmt"/>
          <line num="22" count="0" type="cond" truecount="0" falsecount="2"/>
          <line num="23" count="0" type="stmt"/>
          <line num="25" count="0" type="stmt"/>
          <line num="31" count="0" type="stmt"/>
          <line num="37" count="0" type="stmt"/>
        </file>
      </package>
      <package name="src.components.Main.Tasks.AddTask">
        <metrics statements="24" coveredstatements="0" conditionals="4" coveredconditionals="0" methods="6" coveredmethods="0"/>
        <file name="index.js" path="D:\Folders\Programming\Github\sepm\client\src\components\Main\Tasks\AddTask\index.js">
          <metrics statements="24" coveredstatements="0" conditionals="4" coveredconditionals="0" methods="6" coveredmethods="0"/>
          <line num="1" count="0" type="stmt"/>
          <line num="2" count="0" type="stmt"/>
          <line num="3" count="0" type="stmt"/>
          <line num="4" count="0" type="stmt"/>
          <line num="5" count="0" type="stmt"/>
          <line num="6" count="0" type="stmt"/>
          <line num="11" count="0" type="stmt"/>
          <line num="12" count="0" type="stmt"/>
          <line num="22" count="0" type="stmt"/>
          <line num="23" count="0" type="stmt"/>
          <line num="24" count="0" type="stmt"/>
          <line num="29" count="0" type="stmt"/>
          <line num="30" count="0" type="cond" truecount="0" falsecount="2"/>
          <line num="32" count="0" type="stmt"/>
          <line num="34" count="0" type="stmt"/>
          <line num="40" count="0" type="stmt"/>
          <line num="41" count="0" type="stmt"/>
          <line num="47" count="0" type="cond" truecount="0" falsecount="2"/>
          <line num="48" count="0" type="stmt"/>
          <line num="50" count="0" type="stmt"/>
          <line num="56" count="0" type="stmt"/>
          <line num="61" count="0" type="stmt"/>
          <line num="67" count="0" type="stmt"/>
          <line num="74" count="0" type="stmt"/>
        </file>
      </package>
      <package name="src.components.Main.Tasks.EditTask">
        <metrics statements="24" coveredstatements="0" conditionals="4" coveredconditionals="0" methods="6" coveredmethods="0"/>
        <file name="EditTask.js" path="D:\Folders\Programming\Github\sepm\client\src\components\Main\Tasks\EditTask\EditTask.js">
          <metrics statements="24" coveredstatements="0" conditionals="4" coveredconditionals="0" methods="6" coveredmethods="0"/>
          <line num="1" count="0" type="stmt"/>
          <line num="2" count="0" type="stmt"/>
          <line num="3" count="0" type="stmt"/>
          <line num="4" count="0" type="stmt"/>
          <line num="5" count="0" type="stmt"/>
          <line num="6" count="0" type="stmt"/>
          <line num="11" count="0" type="stmt"/>
          <line num="12" count="0" type="stmt"/>
          <line num="22" count="0" type="stmt"/>
          <line num="23" count="0" type="stmt"/>
          <line num="24" count="0" type="stmt"/>
          <line num="29" count="0" type="stmt"/>
          <line num="30" count="0" type="cond" truecount="0" falsecount="2"/>
          <line num="32" count="0" type="stmt"/>
          <line num="34" count="0" type="stmt"/>
          <line num="40" count="0" type="stmt"/>
          <line num="41" count="0" type="stmt"/>
          <line num="47" count="0" type="cond" truecount="0" falsecount="2"/>
          <line num="48" count="0" type="stmt"/>
          <line num="50" count="0" type="stmt"/>
          <line num="56" count="0" type="stmt"/>
          <line num="61" count="0" type="stmt"/>
          <line num="67" count="0" type="stmt"/>
          <line num="74" count="0" type="stmt"/>
        </file>
      </package>
      <package name="src.components.Main.Tasks.TaskView">
        <metrics statements="18" coveredstatements="0" conditionals="4" coveredconditionals="0" methods="7" coveredmethods="0"/>
        <file name="index.js" path="D:\Folders\Programming\Github\sepm\client\src\components\Main\Tasks\TaskView\index.js">
          <metrics statements="18" coveredstatements="0" conditionals="4" coveredconditionals="0" methods="7" coveredmethods="0"/>
          <line num="1" count="0" type="stmt"/>
          <line num="2" count="0" type="stmt"/>
          <line num="3" count="0" type="stmt"/>
          <line num="4" count="0" type="stmt"/>
          <line num="5" count="0" type="stmt"/>
          <line num="9" count="0" type="stmt"/>
          <line num="10" count="0" type="stmt"/>
          <line num="16" count="0" type="cond" truecount="0" falsecount="2"/>
          <line num="17" count="0" type="stmt"/>
          <line num="19" count="0" type="stmt"/>
          <line num="22" count="0" type="stmt"/>
          <line num="26" count="0" type="stmt"/>
          <line num="30" count="0" type="stmt"/>
          <line num="34" count="0" type="stmt"/>
          <line num="46" count="0" type="cond" truecount="0" falsecount="2"/>
          <line num="47" count="0" type="stmt"/>
          <line num="49" count="0" type="stmt"/>
          <line num="62" count="0" type="stmt"/>
        </file>
      </package>
      <package name="src.containers.App">
        <metrics statements="14" coveredstatements="0" conditionals="4" coveredconditionals="0" methods="3" coveredmethods="0"/>
        <file name="index.js" path="D:\Folders\Programming\Github\sepm\client\src\containers\App\index.js">
          <metrics statements="14" coveredstatements="0" conditionals="4" coveredconditionals="0" methods="3" coveredmethods="0"/>
          <line num="1" count="0" type="stmt"/>
          <line num="2" count="0" type="stmt"/>
          <line num="3" count="0" type="stmt"/>
          <line num="4" count="0" type="stmt"/>
          <line num="5" count="0" type="stmt"/>
          <line num="8" count="0" type="stmt"/>
          <line num="9" count="0" type="stmt"/>
          <line num="10" count="0" type="stmt"/>
          <line num="14" count="0" type="stmt"/>
          <line num="18" count="0" type="stmt"/>
          <line num="22" count="0" type="cond" truecount="0" falsecount="2"/>
          <line num="23" count="0" type="stmt"/>
          <line num="24" count="0" type="cond" truecount="0" falsecount="2"/>
          <line num="25" count="0" type="stmt"/>
        </file>
      </package>
      <package name="src.containers.Login">
        <metrics statements="17" coveredstatements="0" conditionals="0" coveredconditionals="0" methods="8" coveredmethods="0"/>
        <file name="index.js" path="D:\Folders\Programming\Github\sepm\client\src\containers\Login\index.js">
          <metrics statements="17" coveredstatements="0" conditionals="0" coveredconditionals="0" methods="8" coveredmethods="0"/>
          <line num="1" count="0" type="stmt"/>
          <line num="2" count="0" type="stmt"/>
          <line num="3" count="0" type="stmt"/>
          <line num="4" count="0" type="stmt"/>
          <line num="5" count="0" type="stmt"/>
          <line num="8" count="0" type="stmt"/>
          <line num="9" count="0" type="stmt"/>
          <line num="10" count="0" type="stmt"/>
          <line num="19" count="0" type="stmt"/>
          <line num="23" count="0" type="stmt"/>
          <line num="24" count="0" type="stmt"/>
          <line num="27" count="0" type="stmt"/>
          <line num="30" count="0" type="stmt"/>
          <line num="35" count="0" type="stmt"/>
          <line num="39" count="0" type="stmt"/>
          <line num="43" count="0" type="stmt"/>
          <line num="79" count="0" type="stmt"/>
        </file>
      </package>
    </metrics>
  </project>
</coverage>
